<?xml version="1.0" encoding="UTF-8"?>
<testsuite xmlns:xsi="http://www.w3.org/2001/XMLSchema-instance" xsi:noNamespaceSchemaLocation="https://maven.apache.org/surefire/maven-surefire-plugin/xsd/surefire-test-report-3.0.xsd" version="3.0" name="runner.TestRunner" time="18.543" tests="6" errors="0" skipped="0" failures="0">
  <properties>
[...]
</properties>
  <testcase name="runScenario[&quot;Login Validation - positive&quot;, &quot;Login Validation&quot;](1)" classname="runner.TestRunner" time="10.679">
    <system-out><![CDATA[
Scenario Outline: Login Validation - positive        # src/test/resources/features/LoginValidation.feature:11
{
  "userEmail": "skverma@gmail.com",
  "userPassword": "Apcsrbk@12"
}
  Given User loads "positive"                        # stepdefinitions.api.LoginValidationSteps.user_loads(java.lang.String)
{"token":"eyJhbGciOiJIUzI1NiIsInR5cCI6IkpXVCJ9.eyJfaWQiOiI2YTIyNmU1MTE3ZWUzZTc4YmFiZDBiNmYiLCJ1c2VyRW1haWwiOiJza3Zlcm1hQGdtYWlsLmNvbSIsInVzZXJNb2JpbGUiOjkwNjUwMTEyNDUsInVzZXJSb2xlIjoiY3VzdG9tZXIiLCJpYXQiOjE3ODA5MTkyNjIsImV4cCI6MTgxMjQ3Njg2Mn0.8N7AZENc9uARdnyPX22vxsB0tdMgHO1ystBGlrxbQQM","userId":"6a226e5117ee3e78babd0b6f","message":"Login Successfully"}
  When User sends login request using loaded payload # stepdefinitions.api.LoginValidationSteps.user_sends_login_request()
Expected : 200
Actual : 200
  Then Login status code should be 200               # stepdefinitions.api.LoginValidationSteps.login_status_code_should_be(java.lang.Integer)
]]></system-out>
    <system-err><![CDATA[SLF4J(W): No SLF4J providers were found.
SLF4J(W): Defaulting to no-operation (NOP) logger implementation
SLF4J(W): See https://www.slf4j.org/codes.html#noProviders for further details.
]]></system-err>
  </testcase>
  <testcase name="runScenario[&quot;Login Validation - invalidPassword&quot;, &quot;Login Validation&quot;](2)" classname="runner.TestRunner" time="0.887">
    <system-out><![CDATA[
Scenario Outline: Login Validation - invalidPassword # src/test/resources/features/LoginValidation.feature:12
{
  "userEmail": "skverma@gmail.com",
  "userPassword": "Wrong123"
}
  Given User loads "invalidPassword"                 # stepdefinitions.api.LoginValidationSteps.user_loads(java.lang.String)
{"message":"Incorrect email or password."}
  When User sends login request using loaded payload # stepdefinitions.api.LoginValidationSteps.user_sends_login_request()
Expected : 400
Actual : 400
  Then Login status code should be 400               # stepdefinitions.api.LoginValidationSteps.login_status_code_should_be(java.lang.Integer)
]]></system-out>
  </testcase>
  <testcase name="runScenario[&quot;Login Validation - invalidEmail&quot;, &quot;Login Validation&quot;](3)" classname="runner.TestRunner" time="0.789">
    <system-out><![CDATA[
Scenario Outline: Login Validation - invalidEmail    # src/test/resources/features/LoginValidation.feature:13
{
  "userEmail": "wrong@gmail.com",
  "userPassword": "Apcsrbk@12"
}
  Given User loads "invalidEmail"                    # stepdefinitions.api.LoginValidationSteps.user_loads(java.lang.String)
{"message":"Incorrect email or password."}
  When User sends login request using loaded payload # stepdefinitions.api.LoginValidationSteps.user_sends_login_request()
Expected : 400
Actual : 400
  Then Login status code should be 400               # stepdefinitions.api.LoginValidationSteps.login_status_code_should_be(java.lang.Integer)
]]></system-out>
  </testcase>
  <testcase name="runScenario[&quot;Login Validation - invalidBoth&quot;, &quot;Login Validation&quot;](4)" classname="runner.TestRunner" time="0.768">
    <system-out><![CDATA[
Scenario Outline: Login Validation - invalidBoth     # src/test/resources/features/LoginValidation.feature:14
{
  "userEmail": "wrong@gmail.com",
  "userPassword": "Apcsrbk@"
}
  Given User loads "invalidBoth"                     # stepdefinitions.api.LoginValidationSteps.user_loads(java.lang.String)
{"message":"Incorrect email or password."}
  When User sends login request using loaded payload # stepdefinitions.api.LoginValidationSteps.user_sends_login_request()
Expected : 400
Actual : 400
  Then Login status code should be 400               # stepdefinitions.api.LoginValidationSteps.login_status_code_should_be(java.lang.Integer)
]]></system-out>
  </testcase>
  <testcase name="runScenario[&quot;Login Validation - emptyEmail&quot;, &quot;Login Validation&quot;](5)" classname="runner.TestRunner" time="0.886">
    <system-out><![CDATA[
Scenario Outline: Login Validation - emptyEmail      # src/test/resources/features/LoginValidation.feature:15
{
  "userEmail": "",
  "userPassword": "Apcsrbk@12"
}
  Given User loads "emptyEmail"                      # stepdefinitions.api.LoginValidationSteps.user_loads(java.lang.String)
{"message":"Email is required"}
  When User sends login request using loaded payload # stepdefinitions.api.LoginValidationSteps.user_sends_login_request()
Expected : 400
Actual : 400
  Then Login status code should be 400               # stepdefinitions.api.LoginValidationSteps.login_status_code_should_be(java.lang.Integer)
]]></system-out>
  </testcase>
  <testcase name="runScenario[&quot;Login And Add Product&quot;, &quot;E-Commerce Product Flow&quot;](6)" classname="runner.TestRunner" time="3.037">
    <system-out><![CDATA[
Scenario: Login And Add Product               # src/test/resources/features/ProductFlow.feature:3
{
  "userEmail": "skverma@gmail.com",
  "userPassword": "Apcsrbk@12"
}
  Given User prepares login payload           # stepdefinitions.api.UserApiSteps.user_prepares_login_payload()
{"token":"eyJhbGciOiJIUzI1NiIsInR5cCI6IkpXVCJ9.eyJfaWQiOiI2YTIyNmU1MTE3ZWUzZTc4YmFiZDBiNmYiLCJ1c2VyRW1haWwiOiJza3Zlcm1hQGdtYWlsLmNvbSIsInVzZXJNb2JpbGUiOjkwNjUwMTEyNDUsInVzZXJSb2xlIjoiY3VzdG9tZXIiLCJpYXQiOjE3ODA5MTkyNjcsImV4cCI6MTgxMjQ3Njg2N30.oNzlYjFUg0Io2fizUKO8zLXNyYVmZ9_FuZE5tYvnfhc","userId":"6a226e5117ee3e78babd0b6f","message":"Login Successfully"}
TOKEN : eyJhbGciOiJIUzI1NiIsInR5cCI6IkpXVCJ9.eyJfaWQiOiI2YTIyNmU1MTE3ZWUzZTc4YmFiZDBiNmYiLCJ1c2VyRW1haWwiOiJza3Zlcm1hQGdtYWlsLmNvbSIsInVzZXJNb2JpbGUiOjkwNjUwMTEyNDUsInVzZXJSb2xlIjoiY3VzdG9tZXIiLCJpYXQiOjE3ODA5MTkyNjcsImV4cCI6MTgxMjQ3Njg2N30.oNzlYjFUg0Io2fizUKO8zLXNyYVmZ9_FuZE5tYvnfhc
USERID : 6a226e5117ee3e78babd0b6f
  When User sends login request               # stepdefinitions.api.UserApiSteps.user_sends_login_request()
TOKEN = eyJhbGciOiJIUzI1NiIsInR5cCI6IkpXVCJ9.eyJfaWQiOiI2YTIyNmU1MTE3ZWUzZTc4YmFiZDBiNmYiLCJ1c2VyRW1haWwiOiJza3Zlcm1hQGdtYWlsLmNvbSIsInVzZXJNb2JpbGUiOjkwNjUwMTEyNDUsInVzZXJSb2xlIjoiY3VzdG9tZXIiLCJpYXQiOjE3ODA5MTkyNjcsImV4cCI6MTgxMjQ3Njg2N30.oNzlYjFUg0Io2fizUKO8zLXNyYVmZ9_FuZE5tYvnfhc
USERID = 6a226e5117ee3e78babd0b6f
TOKEN : eyJhbGciOiJIUzI1NiIsInR5cCI6IkpXVCJ9.eyJfaWQiOiI2YTIyNmU1MTE3ZWUzZTc4YmFiZDBiNmYiLCJ1c2VyRW1haWwiOiJza3Zlcm1hQGdtYWlsLmNvbSIsInVzZXJNb2JpbGUiOjkwNjUwMTEyNDUsInVzZXJSb2xlIjoiY3VzdG9tZXIiLCJpYXQiOjE3ODA5MTkyNjcsImV4cCI6MTgxMjQ3Njg2N30.oNzlYjFUg0Io2fizUKO8zLXNyYVmZ9_FuZE5tYvnfhc
USERID : 6a226e5117ee3e78babd0b6f
IMAGE EXISTS : true
IMAGE PATH : C:\Users\SuryanceRaj\Desktop\DemoProject\AIR_HybridPlaywright_Framework\src\test\resources\testdata\images\shopping.jpg
STATUS : 201
RESPONSE : {"productId":"6a26abe517ee3e78bac6f0fb","message":"Product Added Successfully"}
{"productId":"6a26abe517ee3e78bac6f0fb","message":"Product Added Successfully"}
PRODUCT ID : 6a26abe517ee3e78bac6f0fb
  And User adds a product                     # stepdefinitions.api.AddProductSteps.user_adds_a_product()
  Then Product should be created successfully # stepdefinitions.api.AddProductSteps.product_should_be_created_successfully()
]]></system-out>
  </testcase>
</testsuite>