<?xml version="1.0" encoding="UTF-8"?>
<testng-results ignored="0" total="6" passed="6" failed="0" skipped="0">
  <reporter-output>
  </reporter-output>
  <suite started-at="2026-06-08T17:17:31 IST" name="Surefire suite" finished-at="2026-06-08T17:17:49 IST" duration-ms="17819">
    <groups>
      <group name="cucumber">
        <method signature="AbstractTestNGCucumberTests.runScenario(io.cucumber.testng.PickleWrapper,io.cucumber.testng.FeatureWrapper)[pri:0, instance:runner.TestRunner@161b062a]" name="runScenario" class="io.cucumber.testng.AbstractTestNGCucumberTests"/>
      </group> <!-- cucumber -->
    </groups>
    <test started-at="2026-06-08T17:17:31 IST" name="Surefire test" finished-at="2026-06-08T17:17:49 IST" duration-ms="17819">
      <class name="runner.TestRunner">
        <test-method is-config="true" signature="setUpClass(org.testng.ITestContext)[pri:0, instance:runner.TestRunner@161b062a]" started-at="2026-06-08T17:17:31 IST" name="setUpClass" finished-at="2026-06-08T17:17:32 IST" duration-ms="680" status="PASS">
          <params>
            <param index="0">
              <value>
                <![CDATA[org.testng.TestRunner@14b789f6]]>
              </value>
            </param>
          </params>
          <reporter-output>
          </reporter-output>
        </test-method> <!-- setUpClass -->
        <test-method signature="runScenario(io.cucumber.testng.PickleWrapper,io.cucumber.testng.FeatureWrapper)[pri:0, instance:runner.TestRunner@161b062a]" started-at="2026-06-08T17:17:32 IST" name="runScenario" description="Runs Cucumber Scenarios" data-provider="scenarios" finished-at="2026-06-08T17:17:43 IST" duration-ms="10677" status="PASS">
          <params>
            <param index="0">
              <value>
                <![CDATA["Login Validation - positive"]]>
              </value>
            </param>
            <param index="1">
              <value>
                <![CDATA["Login Validation"]]>
              </value>
            </param>
          </params>
          <reporter-output>
          </reporter-output>
        </test-method> <!-- runScenario -->
        <test-method signature="runScenario(io.cucumber.testng.PickleWrapper,io.cucumber.testng.FeatureWrapper)[pri:0, instance:runner.TestRunner@161b062a]" started-at="2026-06-08T17:17:43 IST" name="runScenario" description="Runs Cucumber Scenarios" data-provider="scenarios" finished-at="2026-06-08T17:17:44 IST" duration-ms="891" status="PASS">
          <params>
            <param index="0">
              <value>
                <![CDATA["Login Validation - invalidPassword"]]>
              </value>
            </param>
            <param index="1">
              <value>
                <![CDATA["Login Validation"]]>
              </value>
            </param>
          </params>
          <reporter-output>
          </reporter-output>
        </test-method> <!-- runScenario -->
        <test-method signature="runScenario(io.cucumber.testng.PickleWrapper,io.cucumber.testng.FeatureWrapper)[pri:0, instance:runner.TestRunner@161b062a]" started-at="2026-06-08T17:17:44 IST" name="runScenario" description="Runs Cucumber Scenarios" data-provider="scenarios" finished-at="2026-06-08T17:17:44 IST" duration-ms="783" status="PASS">
          <params>
            <param index="0">
              <value>
                <![CDATA["Login Validation - invalidEmail"]]>
              </value>
            </param>
            <param index="1">
              <value>
                <![CDATA["Login Validation"]]>
              </value>
            </param>
          </params>
          <reporter-output>
          </reporter-output>
        </test-method> <!-- runScenario -->
        <test-method signature="runScenario(io.cucumber.testng.PickleWrapper,io.cucumber.testng.FeatureWrapper)[pri:0, instance:runner.TestRunner@161b062a]" started-at="2026-06-08T17:17:44 IST" name="runScenario" description="Runs Cucumber Scenarios" data-provider="scenarios" finished-at="2026-06-08T17:17:45 IST" duration-ms="773" status="PASS">
          <params>
            <param index="0">
              <value>
                <![CDATA["Login Validation - invalidBoth"]]>
              </value>
            </param>
            <param index="1">
              <value>
                <![CDATA["Login Validation"]]>
              </value>
            </param>
          </params>
          <reporter-output>
          </reporter-output>
        </test-method> <!-- runScenario -->
        <test-method signature="runScenario(io.cucumber.testng.PickleWrapper,io.cucumber.testng.FeatureWrapper)[pri:0, instance:runner.TestRunner@161b062a]" started-at="2026-06-08T17:17:45 IST" name="runScenario" description="Runs Cucumber Scenarios" data-provider="scenarios" finished-at="2026-06-08T17:17:46 IST" duration-ms="881" status="PASS">
          <params>
            <param index="0">
              <value>
                <![CDATA["Login Validation - emptyEmail"]]>
              </value>
            </param>
            <param index="1">
              <value>
                <![CDATA["Login Validation"]]>
              </value>
            </param>
          </params>
          <reporter-output>
          </reporter-output>
        </test-method> <!-- runScenario -->
        <test-method signature="runScenario(io.cucumber.testng.PickleWrapper,io.cucumber.testng.FeatureWrapper)[pri:0, instance:runner.TestRunner@161b062a]" started-at="2026-06-08T17:17:46 IST" name="runScenario" description="Runs Cucumber Scenarios" data-provider="scenarios" finished-at="2026-06-08T17:17:49 IST" duration-ms="3041" status="PASS">
          <params>
            <param index="0">
              <value>
                <![CDATA["Login And Add Product"]]>
              </value>
            </param>
            <param index="1">
              <value>
                <![CDATA["E-Commerce Product Flow"]]>
              </value>
            </param>
          </params>
          <reporter-output>
          </reporter-output>
        </test-method> <!-- runScenario -->
        <test-method is-config="true" signature="tearDownClass()[pri:0, instance:runner.TestRunner@161b062a]" started-at="2026-06-08T17:17:49 IST" name="tearDownClass" finished-at="2026-06-08T17:17:49 IST" duration-ms="19" status="PASS">
          <reporter-output>
          </reporter-output>
        </test-method> <!-- tearDownClass -->
      </class> <!-- runner.TestRunner -->
    </test> <!-- Surefire test -->
  </suite> <!-- Surefire suite -->
</testng-results>
