<?xml version="1.0" encoding="UTF-8"?>
<!-- Generated by org.testng.reporters.JUnitReportReporter -->
<testsuite hostname="DESKTOP-M2KBH9B" failures="0" tests="6" name="runner.TestRunner" time="17.046" errors="0" timestamp="2026-06-08T17:17:49 IST" skipped="0">
  <testcase classname="runner.TestRunner" name="runScenario" time="0.783"/>
  <testcase classname="runner.TestRunner" name="runScenario" time="0.881"/>
  <testcase classname="runner.TestRunner" name="runScenario" time="0.773"/>
  <testcase classname="runner.TestRunner" name="runScenario" time="3.041"/>
  <testcase classname="runner.TestRunner" name="runScenario" time="10.677"/>
  <testcase classname="runner.TestRunner" name="runScenario" time="0.891"/>
</testsuite> <!-- runner.TestRunner -->
